# JRE version: OpenJDK Runtime Environment Temurin-17.0.7+7 (17.0.7+7) (build 17.0.7+7)
# Java VM: OpenJDK 64-Bit Server VM Temurin-17.0.7+7 (17.0.7+7, mixed mode, sharing, tiered, compressed oops, compressed class ptrs, g1 gc, linux-amd64)
GC Precious Log:
 CPUs: 16 total, 16 available
 Memory: 39331M
 Large Page Support: Disabled
 NUMA Support: Disabled
 Compressed Oops: Enabled (Zero based)
 Heap Region Size: 8M
 Heap Min Capacity: 8M
 Heap Initial Capacity: 616M
 Heap Max Capacity: 9840M
 Pre-touch: Disabled
 Parallel Workers: 13
 Concurrent Workers: 3
 Concurrent Refinement Workers: 13
 Periodic GC: Disabled
Heap:
 garbage-first heap   total 507904K, used 317804K [0x0000000599000000, 0x0000000800000000)
  region size 8192K, 2 young (16384K), 1 survivors (8192K)
 Metaspace       used 68485K, committed 68928K, reserved 1114112K
  class space    used 7679K, committed 7872K, reserved 1048576K
GC Heap History (20 events):
Event: 21981.350 GC heap before
{Heap before GC invocations=769 (full 0):
 garbage-first heap   total 507904K, used 395228K [0x0000000599000000, 0x0000000800000000)
  region size 8192K, 12 young (98304K), 2 survivors (16384K)
 Metaspace       used 68321K, committed 68736K, reserved 1114112K
  class space    used 7671K, committed 7872K, reserved 1048576K
}
Event: 21981.353 GC heap after
{Heap after GC invocations=770 (full 0):
 garbage-first heap   total 507904K, used 309339K [0x0000000599000000, 0x0000000800000000)
  region size 8192K, 1 young (8192K), 1 survivors (8192K)
 Metaspace       used 68321K, committed 68736K, reserved 1114112K
  class space    used 7671K, committed 7872K, reserved 1048576K
}
Event: 21994.298 GC heap before
{Heap before GC invocations=770 (full 0):
 garbage-first heap   total 507904K, used 399451K [0x0000000599000000, 0x0000000800000000)
  region size 8192K, 12 young (98304K), 1 survivors (8192K)
 Metaspace       used 68322K, committed 68736K, reserved 1114112K
  class space    used 7671K, committed 7872K, reserved 1048576K
}
Event: 21994.299 GC heap after
{Heap after GC invocations=771 (full 0):
 garbage-first heap   total 507904K, used 309326K [0x0000000599000000, 0x0000000800000000)
  region size 8192K, 1 young (8192K), 1 survivors (8192K)
 Metaspace       used 68322K, committed 68736K, reserved 1114112K
  class space    used 7671K, committed 7872K, reserved 1048576K
}
Event: 22002.593 GC heap before
{Heap before GC invocations=771 (full 0):
 garbage-first heap   total 507904K, used 407630K [0x0000000599000000, 0x0000000800000000)
  region size 8192K, 13 young (106496K), 1 survivors (8192K)
 Metaspace       used 68322K, committed 68736K, reserved 1114112K
  class space    used 7671K, committed 7872K, reserved 1048576K
}
Event: 22002.595 GC heap after
{Heap after GC invocations=772 (full 0):
 garbage-first heap   total 507904K, used 309422K [0x0000000599000000, 0x0000000800000000)
  region size 8192K, 1 young (8192K), 1 survivors (8192K)
 Metaspace       used 68322K, committed 68736K, reserved 1114112K
  class space    used 7671K, committed 7872K, reserved 1048576K
}
Event: 22006.062 GC heap before
{Heap before GC invocations=772 (full 0):
 garbage-first heap   total 507904K, used 407726K [0x0000000599000000, 0x0000000800000000)
  region size 8192K, 13 young (106496K), 1 survivors (8192K)
 Metaspace       used 68322K, committed 68736K, reserved 1114112K
  class space    used 7671K, committed 7872K, reserved 1048576K
}
Event: 22006.064 GC heap after
{Heap after GC invocations=773 (full 0):
 garbage-first heap   total 507904K, used 309449K [0x0000000599000000, 0x0000000800000000)
  region size 8192K, 1 young (8192K), 1 survivors (8192K)
 Metaspace       used 68322K, committed 68736K, reserved 1114112K
  class space    used 7671K, committed 7872K, reserved 1048576K
}
Event: 22008.928 GC heap before
{Heap before GC invocations=773 (full 0):
 garbage-first heap   total 507904K, used 415945K [0x0000000599000000, 0x0000000800000000)
  region size 8192K, 14 young (114688K), 1 survivors (8192K)
 Metaspace       used 68322K, committed 68736K, reserved 1114112K
  class space    used 7671K, committed 7872K, reserved 1048576K
}
Event: 22008.930 GC heap after
{Heap after GC invocations=774 (full 0):
 garbage-first heap   total 507904K, used 309946K [0x0000000599000000, 0x0000000800000000)
  region size 8192K, 1 young (8192K), 1 survivors (8192K)
 Metaspace       used 68322K, committed 68736K, reserved 1114112K
  class space    used 7671K, committed 7872K, reserved 1048576K
}
Event: 22028.248 GC heap before
{Heap before GC invocations=774 (full 0):
 garbage-first heap   total 507904K, used 416442K [0x0000000599000000, 0x0000000800000000)
  region size 8192K, 14 young (114688K), 1 survivors (8192K)
 Metaspace       used 68338K, committed 68800K, reserved 1114112K
  class space    used 7671K, committed 7872K, reserved 1048576K
}
Event: 22028.250 GC heap after
{Heap after GC invocations=775 (full 0):
 garbage-first heap   total 507904K, used 308073K [0x0000000599000000, 0x0000000800000000)
  region size 8192K, 1 young (8192K), 1 survivors (8192K)
 Metaspace       used 68338K, committed 68800K, reserved 1114112K
  class space    used 7671K, committed 7872K, reserved 1048576K
}
Event: 22098.472 GC heap before
{Heap before GC invocations=775 (full 0):
 garbage-first heap   total 507904K, used 414569K [0x0000000599000000, 0x0000000800000000)
  region size 8192K, 15 young (122880K), 1 survivors (8192K)
 Metaspace       used 68420K, committed 68864K, reserved 1114112K
  class space    used 7679K, committed 7872K, reserved 1048576K
}
Event: 22098.475 GC heap after
{Heap after GC invocations=776 (full 0):
 garbage-first heap   total 507904K, used 324847K [0x0000000599000000, 0x0000000800000000)
  region size 8192K, 2 young (16384K), 2 survivors (16384K)
 Metaspace       used 68420K, committed 68864K, reserved 1114112K
  class space    used 7679K, committed 7872K, reserved 1048576K
}
Event: 22106.011 GC heap before
{Heap before GC invocations=776 (full 0):
 garbage-first heap   total 507904K, used 414959K [0x0000000599000000, 0x0000000800000000)
  region size 8192K, 13 young (106496K), 2 survivors (16384K)
 Metaspace       used 68434K, committed 68864K, reserved 1114112K
  class space    used 7679K, committed 7872K, reserved 1048576K
}
Event: 22106.013 GC heap after
{Heap after GC invocations=777 (full 0):
 garbage-first heap   total 507904K, used 312552K [0x0000000599000000, 0x0000000800000000)
  region size 8192K, 1 young (8192K), 1 survivors (8192K)
 Metaspace       used 68434K, committed 68864K, reserved 1114112K
  class space    used 7679K, committed 7872K, reserved 1048576K
}
Event: 22193.538 GC heap before
{Heap before GC invocations=777 (full 0):
 garbage-first heap   total 507904K, used 402664K [0x0000000599000000, 0x0000000800000000)
  region size 8192K, 13 young (106496K), 1 survivors (8192K)
 Metaspace       used 68471K, committed 68928K, reserved 1114112K
  class space    used 7679K, committed 7872K, reserved 1048576K
}
Event: 22193.542 GC heap after
{Heap after GC invocations=778 (full 0):
 garbage-first heap   total 507904K, used 320091K [0x0000000599000000, 0x0000000800000000)
  region size 8192K, 2 young (16384K), 2 survivors (16384K)
 Metaspace       used 68471K, committed 68928K, reserved 1114112K
  class space    used 7679K, committed 7872K, reserved 1048576K
}
Event: 22215.307 GC heap before
{Heap before GC invocations=778 (full 0):
 garbage-first heap   total 507904K, used 402011K [0x0000000599000000, 0x0000000800000000)
  region size 8192K, 13 young (106496K), 2 survivors (16384K)
 Metaspace       used 68485K, committed 68928K, reserved 1114112K
  class space    used 7679K, committed 7872K, reserved 1048576K
}
Event: 22215.309 GC heap after
{Heap after GC invocations=779 (full 0):
 garbage-first heap   total 507904K, used 317804K [0x0000000599000000, 0x0000000800000000)
  region size 8192K, 1 young (8192K), 1 survivors (8192K)
 Metaspace       used 68485K, committed 68928K, reserved 1114112K
  class space    used 7679K, committed 7872K, reserved 1048576K
}

